Database connection established
Database columns checked/added
[DB] Converted ACT_BIZ_APPROVAL.TITLE_ to NVARCHAR(255)
[DB] Converted ACT_BIZ_APPROVAL.APPLICANT_ to NVARCHAR(64)
[DB] Converted ACT_BIZ_APPROVAL.APPLICANT_NAME_ to NVARCHAR(128)
[DB] Converted ACT_BIZ_APPROVAL.BUSINESS_TYPE_ to NVARCHAR(64)
[DB] Converted ACT_BIZ_APPROVAL.DESCRIPTION_ to NVARCHAR(1000)
[DB] Converted ACT_BIZ_APPROVAL.STATUS_ to NVARCHAR(32)
[DB] Converted ACT_BIZ_APPROVAL.PROC_INST_ID_ to NVARCHAR(64)
[DB] Converted ACT_BIZ_APPROVAL.CURRENT_NODE_ to NVARCHAR(128)
[DB] Converted ACT_BIZ_APPROVAL.CURRENT_ASSIGNEE_ to NVARCHAR(64)
Database columns converted to nvarchar for Unicode support
Zeebe worker manager connected
Table t_SdOrder created or already exists
[Worker] Initializing workers from published workflows...
[Worker] Zeebe connected
[SQL] [QUERY] [16ms] SELECT * FROM ACT_BIZ_FLOW_DESIGN
[Worker] Found 1 flow designs
[Worker] Parsing flow: flow, BPMN_XML length: 2985
[Worker] Flow flow has 3 service tasks: [ 'manager-approval', 'finance-approval', 'boss-approval' ]
manager-approval已经被监听
[Worker] Created worker for task type: manager-approval
finance-approval已经被监听
[Worker] Created worker for task type: finance-approval
boss-approval已经被监听
[Worker] Created worker for task type: boss-approval
[Worker] All task types: manager-approval, finance-approval, boss-approval
[Worker] Checking for orphaned jobs for task types: manager-approval, finance-approval, boss-approval
[Worker] ====== HANDLER INVOKED ======
[Worker] taskType=finance-approval, job.key=2251799813838473, processInstanceKey=2251799813820188, elementId=Task_Finance_Low
[Worker] createPendingTask: job=2251799813838473, processInstanceKey=2251799813820188, taskType=finance-approval, nodeId=Task_Finance_Low
[Worker] variables: {"amount":5000,"reason":"","assignee":"1","_orphaned":true,"applicant":"徐菊芬","starterId":"41","approvalId":"44051606-7ee5-4032-b313-10ccc5146266","businessKey":"biz_1773680760132","_starterName":"徐菊芬"}
[Worker] Looking for approvalId: 44051606-7ee5-4032-b313-10ccc5146266
[Worker] ====== HANDLER INVOKED ======
[Worker] taskType=finance-approval, job.key=2251799813838482, processInstanceKey=2251799813820214, elementId=Task_Finance_Low
[Worker] createPendingTask: job=2251799813838482, processInstanceKey=2251799813820214, taskType=finance-approval, nodeId=Task_Finance_Low
[Worker] variables: {"amount":5000,"reason":"","assignee":"1","_orphaned":true,"applicant":"徐菊芬","starterId":"41","approvalId":"e58cc04a-649f-45bf-9395-462f400aacba","businessKey":"biz_1773681229521","_starterName":"徐菊芬"}
[Worker] Looking for approvalId: e58cc04a-649f-45bf-9395-462f400aacba
[Worker] ====== HANDLER INVOKED ======
[Worker] taskType=finance-approval, job.key=2251799813838488, processInstanceKey=2251799813821492, elementId=Task_Finance_Low
[Worker] createPendingTask: job=2251799813838488, processInstanceKey=2251799813821492, taskType=finance-approval, nodeId=Task_Finance_Low
[Worker] variables: {"amount":5000,"_orphaned":true,"applicant":"admin","starterId":"1","approvalId":"test","businessKey":"test1"}
[Worker] Looking for approvalId: test
[Worker] ====== HANDLER INVOKED ======
[Worker] taskType=finance-approval, job.key=2251799813838497, processInstanceKey=2251799813821518, elementId=Task_Finance_Low
[Worker] createPendingTask: job=2251799813838497, processInstanceKey=2251799813821518, taskType=finance-approval, nodeId=Task_Finance_Low
[Worker] variables: {"amount":5000,"reason":"","_orphaned":true,"applicant":"admin","starterId":"1","approvalId":"test-debug","businessKey":"biz_test_debug","_starterName":"管理员"}
[Worker] Looking for approvalId: test-debug
[Worker] ====== HANDLER INVOKED ======
[Worker] taskType=finance-approval, job.key=2251799813838503, processInstanceKey=2251799813821533, elementId=Task_Finance_Low
[Worker] createPendingTask: job=2251799813838503, processInstanceKey=2251799813821533, taskType=finance-approval, nodeId=Task_Finance_Low
[Worker] variables: {"amount":5000,"reason":"","_orphaned":true,"applicant":"admin","starterId":"1","approvalId":"710f0109-e29d-4592-849d-86d6e7528ddb","businessKey":"biz_test_exact","_starterName":"管理员"}
[Worker] Looking for approvalId: 710f0109-e29d-4592-849d-86d6e7528ddb
[Worker] ====== HANDLER INVOKED ======
[Worker] taskType=finance-approval, job.key=2251799813838513, processInstanceKey=2251799813821547, elementId=Task_Finance_Low
[Worker] createPendingTask: job=2251799813838513, processInstanceKey=2251799813821547, taskType=finance-approval, nodeId=Task_Finance_Low
[Worker] variables: {"amount":5000,"reason":"","_orphaned":true,"applicant":"admin","starterId":1,"approvalId":"fe126247-6c4e-4935-bfdd-3f37742df9f3","businessKey":"biz_v5_001","_starterName":""}
[Worker] Looking for approvalId: fe126247-6c4e-4935-bfdd-3f37742df9f3
[Worker] ====== HANDLER INVOKED ======
[Worker] taskType=finance-approval, job.key=2251799813838520, processInstanceKey=2251799813821579, elementId=Task_Finance_Low
[Worker] createPendingTask: job=2251799813838520, processInstanceKey=2251799813821579, taskType=finance-approval, nodeId=Task_Finance_Low
[Worker] variables: {"amount":5000,"reason":"","_orphaned":true,"applicant":"19828395638","starterId":41,"approvalId":"cf19941c-52b4-489d-b775-dc876ca24dfb","businessKey":"biz_1773849014383","_starterName":"徐菊芬"}
[Worker] Looking for approvalId: cf19941c-52b4-489d-b775-dc876ca24dfb
[Worker] ====== HANDLER INVOKED ======
[Worker] taskType=finance-approval, job.key=2251799813838527, processInstanceKey=2251799813821600, elementId=Task_Finance_Low
[Worker] createPendingTask: job=2251799813838527, processInstanceKey=2251799813821600, taskType=finance-approval, nodeId=Task_Finance_Low
[Worker] variables: {"amount":5000,"reason":"","_orphaned":true,"applicant":"19828395638","starterId":41,"approvalId":"39271578-79c1-4498-b1fa-a5f6c33e8136","businessKey":"biz_1773849014383","_starterName":"徐菊芬"}
[Worker] Looking for approvalId: 39271578-79c1-4498-b1fa-a5f6c33e8136
[Worker] ====== HANDLER INVOKED ======
[Worker] taskType=finance-approval, job.key=2251799813838534, processInstanceKey=2251799813821628, elementId=Task_Finance_Low
[Worker] createPendingTask: job=2251799813838534, processInstanceKey=2251799813821628, taskType=finance-approval, nodeId=Task_Finance_Low
[Worker] variables: {"amount":5000,"reason":"","_orphaned":true,"applicant":"admin","starterId":1,"approvalId":"54059876-8aba-407b-9161-c4b926d21499","businessKey":"biz_1773908957550","_starterName":"管理员"}
[Worker] Looking for approvalId: 54059876-8aba-407b-9161-c4b926d21499
[Worker] ====== HANDLER INVOKED ======
[Worker] taskType=finance-approval, job.key=2251799813838541, processInstanceKey=2251799813821647, elementId=Task_Finance_Low
[Worker] createPendingTask: job=2251799813838541, processInstanceKey=2251799813821647, taskType=finance-approval, nodeId=Task_Finance_Low
[Worker] variables: {"amount":5000,"reason":"","_orphaned":true,"applicant":"admin","starterId":1,"approvalId":"e92251c0-94a0-4dec-811f-10959b1f6cce","businessKey":"biz_1773909017586","_starterName":"管理员"}
[Worker] Looking for approvalId: e92251c0-94a0-4dec-811f-10959b1f6cce
[Worker] ====== HANDLER INVOKED ======
[Worker] taskType=finance-approval, job.key=2251799813838548, processInstanceKey=2251799813821664, elementId=Task_Finance_Low
[Worker] createPendingTask: job=2251799813838548, processInstanceKey=2251799813821664, taskType=finance-approval, nodeId=Task_Finance_Low
[Worker] variables: {"amount":5000,"reason":"","_orphaned":true,"applicant":"admin","starterId":1,"approvalId":"64792f75-24f6-462d-b443-ae93f9a1020c","businessKey":"biz_1773909017586","_starterName":"管理员"}
[Worker] Looking for approvalId: 64792f75-24f6-462d-b443-ae93f9a1020c
[Worker] ====== HANDLER INVOKED ======
[Worker] taskType=finance-approval, job.key=2251799813838556, processInstanceKey=2251799813821680, elementId=Task_Finance_Low
[Worker] createPendingTask: job=2251799813838556, processInstanceKey=2251799813821680, taskType=finance-approval, nodeId=Task_Finance_Low
[Worker] variables: {"amount":5000,"reason":"","_orphaned":true,"applicant":"19828395638","starterId":41,"approvalId":"c18894f9-5991-4d21-a6d2-f69877c400bf","businessKey":"biz_1773849014383","_starterName":"徐菊芬"}
[Worker] Looking for approvalId: c18894f9-5991-4d21-a6d2-f69877c400bf
[Worker] ====== HANDLER INVOKED ======
[Worker] taskType=finance-approval, job.key=2251799813838563, processInstanceKey=2251799813821702, elementId=Task_Finance_Low
[Worker] createPendingTask: job=2251799813838563, processInstanceKey=2251799813821702, taskType=finance-approval, nodeId=Task_Finance_Low
[Worker] variables: {"amount":5000,"reason":"","_orphaned":true,"applicant":"admin","starterId":1,"approvalId":"376315ef-13b4-42f2-923e-ebaa053c45db","businessKey":"biz_1773909216943","_starterName":"管理员"}
[Worker] Looking for approvalId: 376315ef-13b4-42f2-923e-ebaa053c45db
[Worker] ====== HANDLER INVOKED ======
[Worker] taskType=finance-approval, job.key=2251799813838572, processInstanceKey=2251799813821721, elementId=Task_Finance_Low
[Worker] createPendingTask: job=2251799813838572, processInstanceKey=2251799813821721, taskType=finance-approval, nodeId=Task_Finance_Low
[Worker] variables: {"amount":5000,"reason":"","_orphaned":true,"applicant":"admin","starterId":1,"approvalId":"73e6b5d4-3909-440b-a8de-255e889d8731","businessKey":"biz_test_now","_starterName":""}
[Worker] Looking for approvalId: 73e6b5d4-3909-440b-a8de-255e889d8731
[Worker] ====== HANDLER INVOKED ======
[Worker] taskType=finance-approval, job.key=2251799813838579, processInstanceKey=2251799813821768, elementId=Task_Finance_Low
[Worker] createPendingTask: job=2251799813838579, processInstanceKey=2251799813821768, taskType=finance-approval, nodeId=Task_Finance_Low
[Worker] variables: {"amount":5000,"_orphaned":true,"applicant":"admin","starterId":1,"approvalId":"4a7b3752-1293-4981-a66a-27813c53a19f","businessKey":"biz_clean_1773909708505","_starterName":"管理员"}
[Worker] Looking for approvalId: 4a7b3752-1293-4981-a66a-27813c53a19f
[Worker] ====== HANDLER INVOKED ======
[Worker] taskType=finance-approval, job.key=2251799813838586, processInstanceKey=2251799813821785, elementId=Task_Finance_Low
[Worker] createPendingTask: job=2251799813838586, processInstanceKey=2251799813821785, taskType=finance-approval, nodeId=Task_Finance_Low
[Worker] variables: {"amount":5000,"reason":"","_orphaned":true,"applicant":"admin","starterId":1,"approvalId":"917c400f-1c6a-440d-98d5-29d91dc6c6f8","businessKey":"biz_final_test","_starterName":""}
[Worker] Looking for approvalId: 917c400f-1c6a-440d-98d5-29d91dc6c6f8
[Worker] ====== HANDLER INVOKED ======
[Worker] taskType=finance-approval, job.key=2251799813838593, processInstanceKey=2251799813821816, elementId=Task_Finance_Low
[Worker] createPendingTask: job=2251799813838593, processInstanceKey=2251799813821816, taskType=finance-approval, nodeId=Task_Finance_Low
[Worker] variables: {"amount":5000,"reason":"","_orphaned":true,"applicant":"admin","starterId":1,"approvalId":"62a6d2b4-795f-4742-a7af-5aa7938f88a5","businessKey":"biz_1773909790708","_starterName":"管理员"}
[Worker] Looking for approvalId: 62a6d2b4-795f-4742-a7af-5aa7938f88a5
[Worker] ====== HANDLER INVOKED ======
[Worker] taskType=finance-approval, job.key=2251799813838600, processInstanceKey=2251799813821841, elementId=Task_Finance_Low
[Worker] createPendingTask: job=2251799813838600, processInstanceKey=2251799813821841, taskType=finance-approval, nodeId=Task_Finance_Low
[Worker] variables: {"amount":5000,"reason":"","_orphaned":true,"applicant":"19828395638","starterId":41,"approvalId":"69b0cd10-8559-4caa-b0d2-4c2dc1e127bb","businessKey":"biz_1773909873206","_starterName":"徐菊芬"}
[Worker] Looking for approvalId: 69b0cd10-8559-4caa-b0d2-4c2dc1e127bb
[Worker] ====== HANDLER INVOKED ======
[Worker] taskType=finance-approval, job.key=2251799813838607, processInstanceKey=2251799813821935, elementId=Task_Finance_Low
[Worker] createPendingTask: job=2251799813838607, processInstanceKey=2251799813821935, taskType=finance-approval, nodeId=Task_Finance_Low
[Worker] variables: {"amount":5000,"_orphaned":true,"applicant":"admin","starterId":1,"approvalId":"dd3032f3-5ea5-43ef-b5fc-88294397b97c","businessKey":"biz_debug2_1773910885","_starterName":""}
[Worker] Looking for approvalId: dd3032f3-5ea5-43ef-b5fc-88294397b97c
[Worker] ====== HANDLER INVOKED ======
[Worker] taskType=finance-approval, job.key=2251799813838614, processInstanceKey=2251799813822023, elementId=Task_Finance_Low
[Worker] createPendingTask: job=2251799813838614, processInstanceKey=2251799813822023, taskType=finance-approval, nodeId=Task_Finance_Low
[Worker] variables: {"amount":5000,"_orphaned":true,"applicant":"admin","starterId":1,"approvalId":"069a42e8-2732-4963-a899-e6a9d0e9610f","businessKey":"biz_fixed2_1773911594","_starterName":""}
[Worker] Looking for approvalId: 069a42e8-2732-4963-a899-e6a9d0e9610f
[Worker] ====== HANDLER INVOKED ======
[Worker] taskType=finance-approval, job.key=2251799813838622, processInstanceKey=2251799813822197, elementId=Task_Finance_Low
[Worker] createPendingTask: job=2251799813838622, processInstanceKey=2251799813822197, taskType=finance-approval, nodeId=Task_Finance_Low
[Worker] variables: {"amount":5000,"reason":"","_orphaned":true,"applicant":"admin","starterId":1,"approvalId":"385ce6a8-75dc-4225-ac86-b86aabe0ef4a","businessKey":"biz_1773913252309","_starterName":"管理员"}
[Worker] Looking for approvalId: 385ce6a8-75dc-4225-ac86-b86aabe0ef4a
[Worker] ====== HANDLER INVOKED ======
[Worker] taskType=finance-approval, job.key=2251799813838629, processInstanceKey=2251799813822219, elementId=Task_Finance_Low
[Worker] createPendingTask: job=2251799813838629, processInstanceKey=2251799813822219, taskType=finance-approval, nodeId=Task_Finance_Low
[Worker] variables: {"amount":5000,"_orphaned":true,"applicant":"admin","starterId":1,"approvalId":"f0c381a5-37e0-4dac-ae49-7aa3a772050c","businessKey":"biz_clean_test_1773913369892","_starterName":"管理员"}
[Worker] Looking for approvalId: f0c381a5-37e0-4dac-ae49-7aa3a772050c
[Worker] ====== HANDLER INVOKED ======
[Worker] taskType=finance-approval, job.key=2251799813838636, processInstanceKey=2251799813822273, elementId=Task_Finance_Low
[Worker] createPendingTask: job=2251799813838636, processInstanceKey=2251799813822273, taskType=finance-approval, nodeId=Task_Finance_Low
[Worker] variables: {"amount":5000,"reason":"","_orphaned":true,"applicant":"admin","starterId":1,"approvalId":"6e9869aa-2457-40c2-b2b0-5d6c92cc8d98","businessKey":"biz_1773913618174","_starterName":"管理员"}
[Worker] Looking for approvalId: 6e9869aa-2457-40c2-b2b0-5d6c92cc8d98
[Worker] ====== HANDLER INVOKED ======
[Worker] taskType=finance-approval, job.key=2251799813843787, processInstanceKey=2251799813843765, elementId=Task_Finance_Low
[Worker] createPendingTask: job=2251799813843787, processInstanceKey=2251799813843765, taskType=finance-approval, nodeId=Task_Finance_Low
[Worker] variables: {"amount":5000,"reason":"","applicant":"admin","starterId":"admin001","approvalId":"3ec25e0e-36f2-473a-8555-0630d0df0eb5","_approvedBy":"admin001","businessKey":"biz_1774189527082","_starterName":"系统管理员","_approvalComment":"同意"}
[Worker] Looking for approvalId: 3ec25e0e-36f2-473a-8555-0630d0df0eb5
[Worker] ====== HANDLER INVOKED ======
[Worker] taskType=finance-approval, job.key=2251799813843814, processInstanceKey=2251799813843792, elementId=Task_Finance_Low
[Worker] createPendingTask: job=2251799813843814, processInstanceKey=2251799813843792, taskType=finance-approval, nodeId=Task_Finance_Low
[Worker] variables: {"amount":5000,"reason":"","applicant":"19828395638","starterId":41,"approvalId":"3d280a91-5b66-4907-b73f-7048dcd3f399","_approvedBy":"1","businessKey":"biz_1774189584931","_starterName":"徐菊芬","_approvalComment":"zxczxc"}
[Worker] Looking for approvalId: 3d280a91-5b66-4907-b73f-7048dcd3f399
[Worker] ====== HANDLER INVOKED ======
[Worker] taskType=finance-approval, job.key=2251799813843842, processInstanceKey=2251799813843820, elementId=Task_Finance_Low
[Worker] createPendingTask: job=2251799813843842, processInstanceKey=2251799813843820, taskType=finance-approval, nodeId=Task_Finance_Low
[Worker] variables: {"amount":5000,"reason":"","applicant":"19828395638","starterId":41,"approvalId":"c5ae1998-d9a2-47ea-aa71-21d7057f548d","_approvedBy":"1","businessKey":"biz_1774189644193","_starterName":"徐菊芬","_approvalComment":""}
[Worker] Looking for approvalId: c5ae1998-d9a2-47ea-aa71-21d7057f548d
[Worker] ====== HANDLER INVOKED ======
[Worker] taskType=boss-approval, job.key=2251799813838254, processInstanceKey=2251799813835261, elementId=Task_Boss
[Worker] createPendingTask: job=2251799813838254, processInstanceKey=2251799813835261, taskType=boss-approval, nodeId=Task_Boss
[Worker] variables: {"amount":50000,"_orphaned":true,"applicant":"张三"}
[Worker] Looking for approvalId: undefined
[Worker] No approval found for job 2251799813838254, skipping task creation
[Worker] ====== HANDLER INVOKED ======
[Worker] taskType=boss-approval, job.key=2251799813838260, processInstanceKey=2251799813835274, elementId=Task_Boss
[Worker] createPendingTask: job=2251799813838260, processInstanceKey=2251799813835274, taskType=boss-approval, nodeId=Task_Boss
[Worker] variables: {"amount":50000,"_orphaned":true,"applicant":"张三"}
[Worker] Looking for approvalId: undefined
[Worker] No approval found for job 2251799813838260, skipping task creation
[Worker] ====== HANDLER INVOKED ======
[Worker] taskType=boss-approval, job.key=2251799813838271, processInstanceKey=2251799813835285, elementId=Task_Boss
[Worker] createPendingTask: job=2251799813838271, processInstanceKey=2251799813835285, taskType=boss-approval, nodeId=Task_Boss
[Worker] variables: {"amount":50000,"_orphaned":true,"applicant":"张三"}
[Worker] Looking for approvalId: undefined
[Worker] No approval found for job 2251799813838271, skipping task creation
[Worker] ====== HANDLER INVOKED ======
[Worker] taskType=boss-approval, job.key=2251799813838278, processInstanceKey=2251799813835296, elementId=Task_Boss
[Worker] createPendingTask: job=2251799813838278, processInstanceKey=2251799813835296, taskType=boss-approval, nodeId=Task_Boss
[Worker] variables: {"amount":50000,"_orphaned":true,"applicant":"张三"}
[Worker] Looking for approvalId: undefined
[Worker] No approval found for job 2251799813838278, skipping task creation
[Worker] ====== HANDLER INVOKED ======
[Worker] taskType=boss-approval, job.key=2251799813838285, processInstanceKey=2251799813835313, elementId=Task_Boss
[Worker] createPendingTask: job=2251799813838285, processInstanceKey=2251799813835313, taskType=boss-approval, nodeId=Task_Boss
[Worker] variables: {"amount":50000,"_orphaned":true,"applicant":"张三"}
[Worker] Looking for approvalId: undefined
[Worker] No approval found for job 2251799813838285, skipping task creation
[Worker] ====== HANDLER INVOKED ======
[Worker] taskType=boss-approval, job.key=2251799813838288, processInstanceKey=2251799813835323, elementId=Task_Boss
[Worker] createPendingTask: job=2251799813838288, processInstanceKey=2251799813835323, taskType=boss-approval, nodeId=Task_Boss
[Worker] variables: {"amount":50000,"_orphaned":true,"applicant":"张三"}
[Worker] Looking for approvalId: undefined
[Worker] No approval found for job 2251799813838288, skipping task creation
[Worker] ====== HANDLER INVOKED ======
[Worker] taskType=boss-approval, job.key=2251799813838295, processInstanceKey=2251799813835335, elementId=Task_Boss
[Worker] createPendingTask: job=2251799813838295, processInstanceKey=2251799813835335, taskType=boss-approval, nodeId=Task_Boss
[Worker] variables: {"amount":50000,"_orphaned":true,"applicant":"张三"}
[Worker] Looking for approvalId: undefined
[Worker] No approval found for job 2251799813838295, skipping task creation
[Worker] ====== HANDLER INVOKED ======
[Worker] taskType=boss-approval, job.key=2251799813838305, processInstanceKey=2251799813838192, elementId=Task_Boss
[Worker] createPendingTask: job=2251799813838305, processInstanceKey=2251799813838192, taskType=boss-approval, nodeId=Task_Boss
[Worker] variables: {"amount":15000,"_orphaned":true,"starterId":"1","approvalId":"519b2aee-9ef1-4a0c-8df0-eba7ed3648bc","businessKey":"test-restart-1774130867","_starterName":""}
[Worker] Looking for approvalId: 519b2aee-9ef1-4a0c-8df0-eba7ed3648bc
[Worker] ====== HANDLER INVOKED ======
[Worker] taskType=boss-approval, job.key=2251799813838312, processInstanceKey=2251799813838221, elementId=Task_Boss
[Worker] createPendingTask: job=2251799813838312, processInstanceKey=2251799813838221, taskType=boss-approval, nodeId=Task_Boss
[Worker] variables: {"amount":15000,"_orphaned":true,"starterId":"1","approvalId":"be284469-7852-4776-8182-ffdc8ba7f861","businessKey":"test-restart2-1774131111","_starterName":""}
[Worker] Looking for approvalId: be284469-7852-4776-8182-ffdc8ba7f861
[Worker] ====== HANDLER INVOKED ======
[Worker] taskType=boss-approval, job.key=2251799813838665, processInstanceKey=2251799813825392, elementId=Task_Boss
[Worker] createPendingTask: job=2251799813838665, processInstanceKey=2251799813825392, taskType=boss-approval, nodeId=Task_Boss
[Worker] variables: {"amount":50000,"_orphaned":true,"applicant":"张三"}
[Worker] Looking for approvalId: undefined
[Worker] No approval found for job 2251799813838665, skipping task creation
[Worker] ====== HANDLER COMPLETE ====== taskId=
[Worker] ====== HANDLER COMPLETE ====== taskId=
[Worker] ====== HANDLER COMPLETE ====== taskId=
[Worker] ====== HANDLER COMPLETE ====== taskId=
[Worker] ====== HANDLER COMPLETE ====== taskId=
[Worker] ====== HANDLER COMPLETE ====== taskId=
[Worker] ====== HANDLER COMPLETE ====== taskId=
[Worker] ====== HANDLER COMPLETE ====== taskId=
[SQL] [QUERY] [21ms] SELECT * FROM ACT_BIZ_APPROVAL WHERE ID_ = '44051606-7ee5-4032-b313-10ccc5146266'
  PARAMS: ["44051606-7ee5-4032-b313-10ccc5146266"]
[Worker] Found approval: null
[Worker] No approval found for job 2251799813838473, skipping task creation
[Worker] ====== HANDLER COMPLETE ====== taskId=
[Worker] No orphaned jobs for manager-approval (timeout after 5s)
[SQL] [QUERY] [34ms] SELECT * FROM ACT_BIZ_APPROVAL WHERE ID_ = 'e58cc04a-649f-45bf-9395-462f400aacba'
  PARAMS: ["e58cc04a-649f-45bf-9395-462f400aacba"]
[Worker] Found approval: null
[Worker] No approval found for job 2251799813838482, skipping task creation
[Worker] ====== HANDLER COMPLETE ====== taskId=
[SQL] [QUERY] [48ms] SELECT * FROM ACT_BIZ_APPROVAL WHERE ID_ = 'test'
  PARAMS: ["test"]
[Worker] Found approval: null
[Worker] No approval found for job 2251799813838488, skipping task creation
[Worker] ====== HANDLER COMPLETE ====== taskId=
[SQL] [QUERY] [49ms] SELECT * FROM ACT_BIZ_APPROVAL WHERE ID_ = 'test-debug'
  PARAMS: ["test-debug"]
[Worker] Found approval: null
[Worker] No approval found for job 2251799813838497, skipping task creation
[Worker] ====== HANDLER COMPLETE ====== taskId=
[SQL] [QUERY] [49ms] SELECT * FROM ACT_BIZ_APPROVAL WHERE ID_ = '710f0109-e29d-4592-849d-86d6e7528ddb'
  PARAMS: ["710f0109-e29d-4592-849d-86d6e7528ddb"]
[Worker] Found approval: null
[Worker] No approval found for job 2251799813838503, skipping task creation
[Worker] ====== HANDLER COMPLETE ====== taskId=
[SQL] [QUERY] [51ms] SELECT * FROM ACT_BIZ_APPROVAL WHERE ID_ = 'fe126247-6c4e-4935-bfdd-3f37742df9f3'
  PARAMS: ["fe126247-6c4e-4935-bfdd-3f37742df9f3"]
[Worker] Found approval: null
[Worker] No approval found for job 2251799813838513, skipping task creation
[Worker] ====== HANDLER COMPLETE ====== taskId=
[SQL] [QUERY] [51ms] SELECT * FROM ACT_BIZ_APPROVAL WHERE ID_ = 'cf19941c-52b4-489d-b775-dc876ca24dfb'
  PARAMS: ["cf19941c-52b4-489d-b775-dc876ca24dfb"]
[Worker] Found approval: null
[Worker] No approval found for job 2251799813838520, skipping task creation
[Worker] ====== HANDLER COMPLETE ====== taskId=
[SQL] [QUERY] [53ms] SELECT * FROM ACT_BIZ_APPROVAL WHERE ID_ = '39271578-79c1-4498-b1fa-a5f6c33e8136'
  PARAMS: ["39271578-79c1-4498-b1fa-a5f6c33e8136"]
[Worker] Found approval: null
[Worker] No approval found for job 2251799813838527, skipping task creation
[Worker] ====== HANDLER COMPLETE ====== taskId=
[SQL] [QUERY] [54ms] SELECT * FROM ACT_BIZ_APPROVAL WHERE ID_ = '54059876-8aba-407b-9161-c4b926d21499'
  PARAMS: ["54059876-8aba-407b-9161-c4b926d21499"]
[Worker] Found approval: null
[Worker] No approval found for job 2251799813838534, skipping task creation
[Worker] ====== HANDLER COMPLETE ====== taskId=
[SQL] [QUERY] [55ms] SELECT * FROM ACT_BIZ_APPROVAL WHERE ID_ = 'e92251c0-94a0-4dec-811f-10959b1f6cce'
  PARAMS: ["e92251c0-94a0-4dec-811f-10959b1f6cce"]
[Worker] Found approval: null
[Worker] No approval found for job 2251799813838541, skipping task creation
[Worker] ====== HANDLER COMPLETE ====== taskId=
[SQL] [QUERY] [55ms] SELECT * FROM ACT_BIZ_APPROVAL WHERE ID_ = '64792f75-24f6-462d-b443-ae93f9a1020c'
  PARAMS: ["64792f75-24f6-462d-b443-ae93f9a1020c"]
[Worker] Found approval: null
[Worker] No approval found for job 2251799813838548, skipping task creation
[Worker] ====== HANDLER COMPLETE ====== taskId=
[SQL] [QUERY] [56ms] SELECT * FROM ACT_BIZ_APPROVAL WHERE ID_ = 'c18894f9-5991-4d21-a6d2-f69877c400bf'
  PARAMS: ["c18894f9-5991-4d21-a6d2-f69877c400bf"]
[Worker] Found approval: null
[Worker] No approval found for job 2251799813838556, skipping task creation
[Worker] ====== HANDLER COMPLETE ====== taskId=
[SQL] [QUERY] [63ms] SELECT * FROM ACT_BIZ_APPROVAL WHERE ID_ = '73e6b5d4-3909-440b-a8de-255e889d8731'
  PARAMS: ["73e6b5d4-3909-440b-a8de-255e889d8731"]
[Worker] Found approval: null
[Worker] No approval found for job 2251799813838572, skipping task creation
[Worker] ====== HANDLER COMPLETE ====== taskId=
[SQL] [QUERY] [63ms] SELECT * FROM ACT_BIZ_APPROVAL WHERE ID_ = '376315ef-13b4-42f2-923e-ebaa053c45db'
  PARAMS: ["376315ef-13b4-42f2-923e-ebaa053c45db"]
[Worker] Found approval: null
[Worker] No approval found for job 2251799813838563, skipping task creation
[Worker] ====== HANDLER COMPLETE ====== taskId=
[SQL] [QUERY] [64ms] SELECT * FROM ACT_BIZ_APPROVAL WHERE ID_ = '4a7b3752-1293-4981-a66a-27813c53a19f'
  PARAMS: ["4a7b3752-1293-4981-a66a-27813c53a19f"]
[Worker] Found approval: null
[Worker] No approval found for job 2251799813838579, skipping task creation
[Worker] ====== HANDLER COMPLETE ====== taskId=
[SQL] [QUERY] [65ms] SELECT * FROM ACT_BIZ_APPROVAL WHERE ID_ = '917c400f-1c6a-440d-98d5-29d91dc6c6f8'
  PARAMS: ["917c400f-1c6a-440d-98d5-29d91dc6c6f8"]
[Worker] Found approval: null
[Worker] No approval found for job 2251799813838586, skipping task creation
[Worker] ====== HANDLER COMPLETE ====== taskId=
[SQL] [QUERY] [65ms] SELECT * FROM ACT_BIZ_APPROVAL WHERE ID_ = '62a6d2b4-795f-4742-a7af-5aa7938f88a5'
  PARAMS: ["62a6d2b4-795f-4742-a7af-5aa7938f88a5"]
[Worker] Found approval: null
[Worker] No approval found for job 2251799813838593, skipping task creation
[Worker] ====== HANDLER COMPLETE ====== taskId=
[SQL] [QUERY] [67ms] SELECT * FROM ACT_BIZ_APPROVAL WHERE ID_ = '69b0cd10-8559-4caa-b0d2-4c2dc1e127bb'
  PARAMS: ["69b0cd10-8559-4caa-b0d2-4c2dc1e127bb"]
[Worker] Found approval: null
[Worker] No approval found for job 2251799813838600, skipping task creation
[Worker] ====== HANDLER COMPLETE ====== taskId=
[SQL] [QUERY] [67ms] SELECT * FROM ACT_BIZ_APPROVAL WHERE ID_ = 'dd3032f3-5ea5-43ef-b5fc-88294397b97c'
  PARAMS: ["dd3032f3-5ea5-43ef-b5fc-88294397b97c"]
[Worker] Found approval: null
[Worker] No approval found for job 2251799813838607, skipping task creation
[Worker] ====== HANDLER COMPLETE ====== taskId=
[SQL] [QUERY] [69ms] SELECT * FROM ACT_BIZ_APPROVAL WHERE ID_ = '069a42e8-2732-4963-a899-e6a9d0e9610f'
  PARAMS: ["069a42e8-2732-4963-a899-e6a9d0e9610f"]
[Worker] Found approval: null
[Worker] No approval found for job 2251799813838614, skipping task creation
[Worker] ====== HANDLER COMPLETE ====== taskId=
[SQL] [QUERY] [70ms] SELECT * FROM ACT_BIZ_APPROVAL WHERE ID_ = '385ce6a8-75dc-4225-ac86-b86aabe0ef4a'
  PARAMS: ["385ce6a8-75dc-4225-ac86-b86aabe0ef4a"]
[Worker] Found approval: null
[Worker] No approval found for job 2251799813838622, skipping task creation
[Worker] ====== HANDLER COMPLETE ====== taskId=
[SQL] [QUERY] [70ms] SELECT * FROM ACT_BIZ_APPROVAL WHERE ID_ = 'f0c381a5-37e0-4dac-ae49-7aa3a772050c'
  PARAMS: ["f0c381a5-37e0-4dac-ae49-7aa3a772050c"]
[Worker] Found approval: null
[Worker] No approval found for job 2251799813838629, skipping task creation
[Worker] ====== HANDLER COMPLETE ====== taskId=
[SQL] [QUERY] [76ms] SELECT * FROM ACT_BIZ_APPROVAL WHERE ID_ = '6e9869aa-2457-40c2-b2b0-5d6c92cc8d98'
  PARAMS: ["6e9869aa-2457-40c2-b2b0-5d6c92cc8d98"]
[Worker] Found approval: null
[Worker] No approval found for job 2251799813838636, skipping task creation
[Worker] ====== HANDLER COMPLETE ====== taskId=
[SQL] [QUERY] [76ms] SELECT * FROM ACT_BIZ_APPROVAL WHERE ID_ = '3d280a91-5b66-4907-b73f-7048dcd3f399'
  PARAMS: ["3d280a91-5b66-4907-b73f-7048dcd3f399"]
[Worker] Found approval: 3d280a91-5b66-4907-b73f-7048dcd3f399
[SQL] [QUERY] [77ms] SELECT * FROM ACT_BIZ_APPROVAL WHERE ID_ = '3ec25e0e-36f2-473a-8555-0630d0df0eb5'
  PARAMS: ["3ec25e0e-36f2-473a-8555-0630d0df0eb5"]
[Worker] Found approval: 3ec25e0e-36f2-473a-8555-0630d0df0eb5
[SQL] [QUERY] [78ms] SELECT * FROM ACT_BIZ_APPROVAL WHERE ID_ = 'c5ae1998-d9a2-47ea-aa71-21d7057f548d'
  PARAMS: ["c5ae1998-d9a2-47ea-aa71-21d7057f548d"]
[Worker] Found approval: c5ae1998-d9a2-47ea-aa71-21d7057f548d
[SQL] [QUERY] [76ms] SELECT * FROM ACT_BIZ_APPROVAL WHERE ID_ = '519b2aee-9ef1-4a0c-8df0-eba7ed3648bc'
  PARAMS: ["519b2aee-9ef1-4a0c-8df0-eba7ed3648bc"]
[Worker] Found approval: null
[Worker] No approval found for job 2251799813838305, skipping task creation
[Worker] ====== HANDLER COMPLETE ====== taskId=
[SQL] [QUERY] [78ms] SELECT * FROM ACT_BIZ_APPROVAL WHERE ID_ = 'be284469-7852-4776-8182-ffdc8ba7f861'
  PARAMS: ["be284469-7852-4776-8182-ffdc8ba7f861"]
[Worker] Found approval: null
[Worker] No approval found for job 2251799813838312, skipping task creation
[Worker] ====== HANDLER COMPLETE ====== taskId=
[SQL] [QUERY] [13ms] SELECT 1 FROM ACT_RU_TASK WHERE TASK_KEY_ = '2251799813843814' AND TASK_STATUS_ IN ('P', 'A')
  PARAMS: ["2251799813843814","P","A"]
[Worker] Task already exists for job 2251799813843814, skipping
[Worker] ====== HANDLER COMPLETE ====== taskId=
[SQL] [QUERY] [13ms] SELECT 1 FROM ACT_RU_TASK WHERE TASK_KEY_ = '2251799813843787' AND TASK_STATUS_ IN ('P', 'A')
  PARAMS: ["2251799813843787","P","A"]
[Worker] Task already exists for job 2251799813843787, skipping
[Worker] ====== HANDLER COMPLETE ====== taskId=
[SQL] [QUERY] [14ms] SELECT 1 FROM ACT_RU_TASK WHERE TASK_KEY_ = '2251799813843842' AND TASK_STATUS_ IN ('P', 'A')
  PARAMS: ["2251799813843842","P","A"]
[Worker] Task already exists for job 2251799813843842, skipping
[Worker] ====== HANDLER COMPLETE ====== taskId=
[Worker] No orphaned jobs for finance-approval (timeout after 5s)
[Worker] No orphaned jobs for boss-approval (timeout after 5s)
[Worker] Worker initialization complete
Error: listen EADDRINUSE: address already in use :::3000
    at Server.setupListenHandle [as _listen2] (node:net:1940:16)
    at listenInCluster (node:net:1997:12)
    at Server.listen (node:net:2102:7)
    at initializeApp (D:\share18\flowable_new\backend\src\app.ts:247:20) {
  code: 'EADDRINUSE',
  errno: -4091,
  syscall: 'listen',
  address: '::',
  port: 3000
}
